<?xml version="1.0" encoding="UTF-8"?>
<!-- Generated by org.testng.reporters.JUnitXMLReporter -->
<testsuite ignored="0" hostname="1L7K5N3" failures="0" tests="3" name="Test" time="26.095" errors="0" timestamp="2024-04-14T11:44:43 IST">
  <testcase classname="com.chemodosing.testscript.CustomerModule" name="createCustomer" time="4.035"/>
  <testcase classname="com.chemodosing.testscript.CustomerModule" name="deleteCustomer" time="4.106"/>
  <testcase classname="com.chemodosing.testscript.ProjectModule" name="CreateAndDeleteProject" time="3.33"/>
</testsuite> <!-- Test -->
