<?xml version="1.0" encoding="UTF-8"?>
<!-- Generated by org.testng.reporters.JUnitXMLReporter -->
<testsuite ignored="0" hostname="1L7K5N3" failures="0" tests="3" name="Test" time="25.408" errors="0" timestamp="2024-04-14T22:22:52 IST">
  <testcase classname="com.chemodosing.testscript.CustomerModule" name="createCustomer" time="3.844"/>
  <testcase classname="com.chemodosing.testscript.CustomerModule" name="deleteCustomer" time="3.856"/>
  <testcase classname="com.chemodosing.testscript.ProjectModule" name="CreateAndDeleteProject" time="2.626"/>
</testsuite> <!-- Test -->
